0 info it worked if it ends with ok
1 verbose cli [ 'C:\\Program Files (x86)\\nodejs\\node.exe',
1 verbose cli   'C:\\Program Files (x86)\\nodejs\\node_modules\\npm\\bin\\npm-cli.js',
1 verbose cli   'install',
1 verbose cli   'ngRoute',
1 verbose cli   '--save-dev' ]
2 info using npm@2.14.12
3 info using node@v4.2.4
4 verbose install initial load of C:\Users\John\Desktop\Github Projects\FDM Timesheet App\fdm-timesheet\package.json
5 warn package.json fdmTimesheet@0.1.0 No repository field.
6 warn package.json fdmTimesheet@0.1.0 No license field.
7 verbose readDependencies loading dependencies from C:\Users\John\Desktop\Github Projects\FDM Timesheet App\fdm-timesheet\package.json
8 silly cache add args [ 'ngRoute', null ]
9 verbose cache add spec ngRoute
10 silly cache add parsed spec Result {
10 silly cache add   raw: 'ngRoute',
10 silly cache add   scope: null,
10 silly cache add   name: 'ngRoute',
10 silly cache add   rawSpec: '',
10 silly cache add   spec: 'latest',
10 silly cache add   type: 'tag' }
11 silly addNamed ngRoute@latest
12 verbose addNamed "latest" is being treated as a dist-tag for ngRoute
13 info addNameTag [ 'ngRoute', 'latest' ]
14 silly mapToRegistry name ngRoute
15 silly mapToRegistry using default registry
16 silly mapToRegistry registry https://registry.npmjs.org/
17 silly mapToRegistry uri https://registry.npmjs.org/ngRoute
18 verbose addNameTag registry:https://registry.npmjs.org/ngRoute not in flight; fetching
19 verbose request uri https://registry.npmjs.org/ngRoute
20 verbose request no auth needed
21 info attempt registry request try #1 at 1:20:14 PM
22 verbose request id 0fb73f1cf3694fd9
23 http request GET https://registry.npmjs.org/ngRoute
24 http 404 https://registry.npmjs.org/ngRoute
25 verbose headers { 'content-type': 'application/json',
25 verbose headers   'cache-control': 'max-age=0',
25 verbose headers   'content-length': '2',
25 verbose headers   'accept-ranges': 'bytes',
25 verbose headers   date: 'Mon, 08 Feb 2016 13:20:15 GMT',
25 verbose headers   via: '1.1 varnish',
25 verbose headers   age: '0',
25 verbose headers   connection: 'keep-alive',
25 verbose headers   'x-served-by': 'cache-lcy1129-LCY',
25 verbose headers   'x-cache': 'MISS',
25 verbose headers   'x-cache-hits': '0',
25 verbose headers   'x-timer': 'S1454937615.048086,VS0,VE104' }
26 silly get cb [ 404,
26 silly get   { 'content-type': 'application/json',
26 silly get     'cache-control': 'max-age=0',
26 silly get     'content-length': '2',
26 silly get     'accept-ranges': 'bytes',
26 silly get     date: 'Mon, 08 Feb 2016 13:20:15 GMT',
26 silly get     via: '1.1 varnish',
26 silly get     age: '0',
26 silly get     connection: 'keep-alive',
26 silly get     'x-served-by': 'cache-lcy1129-LCY',
26 silly get     'x-cache': 'MISS',
26 silly get     'x-cache-hits': '0',
26 silly get     'x-timer': 'S1454937615.048086,VS0,VE104' } ]
27 verbose stack Error: Registry returned 404 for GET on https://registry.npmjs.org/ngRoute
27 verbose stack     at makeError (C:\Program Files (x86)\nodejs\node_modules\npm\node_modules\npm-registry-client\lib\request.js:264:12)
27 verbose stack     at CachingRegistryClient.<anonymous> (C:\Program Files (x86)\nodejs\node_modules\npm\node_modules\npm-registry-client\lib\request.js:242:14)
27 verbose stack     at Request._callback (C:\Program Files (x86)\nodejs\node_modules\npm\node_modules\npm-registry-client\lib\request.js:172:14)
27 verbose stack     at Request.self.callback (C:\Program Files (x86)\nodejs\node_modules\npm\node_modules\request\request.js:198:22)
27 verbose stack     at emitTwo (events.js:87:13)
27 verbose stack     at Request.emit (events.js:172:7)
27 verbose stack     at Request.<anonymous> (C:\Program Files (x86)\nodejs\node_modules\npm\node_modules\request\request.js:1082:10)
27 verbose stack     at emitOne (events.js:82:20)
27 verbose stack     at Request.emit (events.js:169:7)
27 verbose stack     at IncomingMessage.<anonymous> (C:\Program Files (x86)\nodejs\node_modules\npm\node_modules\request\request.js:1009:12)
28 verbose statusCode 404
29 verbose pkgid ngRoute
30 verbose cwd C:\Users\John\Desktop\Github Projects\FDM Timesheet App\fdm-timesheet
31 error Windows_NT 10.0.10586
32 error argv "C:\\Program Files (x86)\\nodejs\\node.exe" "C:\\Program Files (x86)\\nodejs\\node_modules\\npm\\bin\\npm-cli.js" "install" "ngRoute" "--save-dev"
33 error node v4.2.4
34 error npm  v2.14.12
35 error code E404
36 error 404 Registry returned 404 for GET on https://registry.npmjs.org/ngRoute
36 error 404
36 error 404 'ngRoute' is not in the npm registry.
36 error 404 Your package name is not valid, because
36 error 404
36 error 404  1. name can no longer contain capital letters
36 error 404 It was specified as a dependency of 'fdmTimesheet'
36 error 404
36 error 404 Note that you can also install from a
36 error 404 tarball, folder, http url, or git url.
37 verbose exit [ 1, true ]
